2020-06-27 01:18:00 +0000  Initial pipeline context: <IDEDistributionProcessingPipelineContext: 0x7ffed6e5ea20; archive(resolved)='<IDEArchive: 0x7ffed6f9a5a0>', distributionTask(resolved)='2', distributionDestination(resolved)='2', distributionMethod(resolved)='<IDEDistributionMethodiOSAppStoreDistribution: 0x7ffedb4e17d0>', team(resolved)='<IDEProvisioningDisambiguatableBasicTeam: 0x7ffed6f8d1f0; teamID='MFN25KNUGJ', teamName='Daisuke Majima', teamType='Individual', username='rockyshikoku@gmail.com', isFreeProvisioningTeam='0'>'>
	Chain (13, self inclusive):
	<IDEDistributionProcessingPipelineContext: 0x7ffed6e5ea20; archive = '<IDEArchive: 0x7ffed6f9a5a0>', distributionMethod='<IDEDistributionMethodiOSAppStoreDistribution: 0x7ffedb4e17d0>', team='<IDEProvisioningDisambiguatableBasicTeam: 0x7ffed6f8d1f0; teamID='MFN25KNUGJ', teamName='Daisuke Majima', teamType='Individual', username='rockyshikoku@gmail.com', isFreeProvisioningTeam='0'>'>
	<IDEDistributionProcessingPipelineContext: 0x7ffec48e7060; archive = '<IDEArchive: 0x7ffed6f9a5a0>', distributionMethod='<IDEDistributionMethodiOSAppStoreDistribution: 0x7ffedb4e17d0>', team='<IDEProvisioningDisambiguatableBasicTeam: 0x7ffed6f8d1f0; teamID='MFN25KNUGJ', teamName='Daisuke Majima', teamType='Individual', username='rockyshikoku@gmail.com', isFreeProvisioningTeam='0'>'>
	<IDEDistributionContext: 0x7ffec4c7c470; archive = '<IDEArchive: 0x7ffed6f9a5a0>', distributionMethod='<IDEDistributionMethodiOSAppStoreDistribution: 0x7ffedb4e17d0>', team='<IDEProvisioningDisambiguatableBasicTeam: 0x7ffed6f8d1f0; teamID='MFN25KNUGJ', teamName='Daisuke Majima', teamType='Individual', username='rockyshikoku@gmail.com', isFreeProvisioningTeam='0'>'>
	<IDEDistributionContext: 0x7ffec4bf5780; archive = '<IDEArchive: 0x7ffed6f9a5a0>', distributionMethod='<IDEDistributionMethodiOSAppStoreDistribution: 0x7ffedb4e17d0>', team='<IDEProvisioningDisambiguatableBasicTeam: 0x7ffed6f8d1f0; teamID='MFN25KNUGJ', teamName='Daisuke Majima', teamType='Individual', username='rockyshikoku@gmail.com', isFreeProvisioningTeam='0'>'>
	<IDEDistributionContext: 0x7ffed6e14090; archive = '<IDEArchive: 0x7ffed6f9a5a0>', distributionMethod='<IDEDistributionMethodiOSAppStoreDistribution: 0x7ffedb4e17d0>', team='<IDEProvisioningDisambiguatableBasicTeam: 0x7ffed6f8d1f0; teamID='MFN25KNUGJ', teamName='Daisuke Majima', teamType='Individual', username='rockyshikoku@gmail.com', isFreeProvisioningTeam='0'>'>
	<IDEDistributionContext: 0x7ffec48b5ba0; archive = '<IDEArchive: 0x7ffed6f9a5a0>', distributionMethod='<IDEDistributionMethodiOSAppStoreDistribution: 0x7ffedb4e17d0>', team='<IDEProvisioningDisambiguatableBasicTeam: 0x7ffed6f8d1f0; teamID='MFN25KNUGJ', teamName='Daisuke Majima', teamType='Individual', username='rockyshikoku@gmail.com', isFreeProvisioningTeam='0'>'>
	<IDEDistributionContext: 0x7ffec8a185f0; archive = '<IDEArchive: 0x7ffed6f9a5a0>', distributionMethod='<IDEDistributionMethodiOSAppStoreDistribution: 0x7ffedb4e17d0>', team='<IDEProvisioningDisambiguatableBasicTeam: 0x7ffed6f8d1f0; teamID='MFN25KNUGJ', teamName='Daisuke Majima', teamType='Individual', username='rockyshikoku@gmail.com', isFreeProvisioningTeam='0'>'>
	<IDEDistributionContext: 0x7ffec4bf83e0; archive = '<IDEArchive: 0x7ffed6f9a5a0>', distributionMethod='<IDEDistributionMethodiOSAppStoreDistribution: 0x7ffedb4e17d0>', team='<IDEProvisioningDisambiguatableBasicTeam: 0x7ffed6f8d1f0; teamID='MFN25KNUGJ', teamName='Daisuke Majima', teamType='Individual', username='rockyshikoku@gmail.com', isFreeProvisioningTeam='0'>'>
	<IDEDistributionContext: 0x7ffec4bfb920; archive = '<IDEArchive: 0x7ffed6f9a5a0>', distributionMethod='<IDEDistributionMethodiOSAppStoreDistribution: 0x7ffedb4e17d0>', team='<IDEProvisioningDisambiguatableBasicTeam: 0x7ffed6f8d1f0; teamID='MFN25KNUGJ', teamName='Daisuke Majima', teamType='Individual', username='rockyshikoku@gmail.com', isFreeProvisioningTeam='0'>'>
	<IDEDistributionContext: 0x7ffec491e850; archive = '<IDEArchive: 0x7ffed6f9a5a0>', distributionMethod='<IDEDistributionMethodiOSAppStoreDistribution: 0x7ffedb4e17d0>', team='<IDEProvisioningDisambiguatableBasicTeam: 0x7ffed6f8d1f0; teamID='MFN25KNUGJ', teamName='Daisuke Majima', teamType='Individual', username='rockyshikoku@gmail.com', isFreeProvisioningTeam='0'>'>
	<IDEDistributionContext: 0x7ffec510fc40; archive = '<IDEArchive: 0x7ffed6f9a5a0>', distributionMethod='<IDEDistributionMethodiOSAppStoreDistribution: 0x7ffedb4e17d0>', team='(null)'>
	<IDEDistributionContext: 0x7ffec46d0410; archive = '<IDEArchive: 0x7ffed6f9a5a0>', distributionMethod='<IDEDistributionMethodiOSAppStoreDistribution: 0x7ffedb4e17d0>', team='(null)'>
	<IDEDistributionContext: 0x7ffec456b360; archive = '<IDEArchive: 0x7ffed6f9a5a0>', distributionMethod='(null)', team='(null)'>
</IDEDistributionProcessingPipelineContext: 0x7ffed6e5ea20>
2020-06-27 01:18:00 +0000  Processing step: IDEDistributionCreateDestRootStep
2020-06-27 01:18:00 +0000  Processing step: IDEDistributionCopyItemStep
2020-06-27 01:18:00 +0000  Running /usr/bin/ditto '-V' '/Users/majimadaisuke/Library/Developer/Xcode/Archives/2020-06-27/ARCamera 2020-06-27 10.17.xcarchive/Products/Applications/ARCamera.app' '/var/folders/jc/zvbsdtcx6fs_hnm95d1q9zvh0000gn/T/XcodeDistPipeline.~~~fYLvvd/Root/Payload/ARCamera.app'
2020-06-27 01:18:00 +0000  >>> Copying /Users/majimadaisuke/Library/Developer/Xcode/Archives/2020-06-27/ARCamera 2020-06-27 10.17.xcarchive/Products/Applications/ARCamera.app 
2020-06-27 01:18:00 +0000  copying file ./_CodeSignature/CodeResources ... 
2020-06-27 01:18:00 +0000  12963 bytes for ./_CodeSignature/CodeResources
2020-06-27 01:18:00 +0000  copying file ./zh-Hans.lproj/LaunchScreen.strings ... 
2020-06-27 01:18:00 +0000  1 bytes for ./zh-Hans.lproj/LaunchScreen.strings
copying file ./zh-Hans.lproj/Main.strings ... 
2020-06-27 01:18:00 +0000  398 bytes for ./zh-Hans.lproj/Main.strings
2020-06-27 01:18:00 +0000  copying file ./zh-Hans.lproj/Localizable.strings ... 
2020-06-27 01:18:00 +0000  23879 bytes for ./zh-Hans.lproj/Localizable.strings
copying file ./zh-Hans.lproj/InfoPlist.strings ... 
2020-06-27 01:18:00 +0000  947 bytes for ./zh-Hans.lproj/InfoPlist.strings
2020-06-27 01:18:00 +0000  copying file ./ja.lproj/LaunchScreen.strings ... 
2020-06-27 01:18:00 +0000  1 bytes for ./ja.lproj/LaunchScreen.strings
2020-06-27 01:18:00 +0000  copying file ./ja.lproj/Main.strings ... 
2020-06-27 01:18:00 +0000  398 bytes for ./ja.lproj/Main.strings
2020-06-27 01:18:00 +0000  copying file ./ja.lproj/Localizable.strings ... 
2020-06-27 01:18:00 +0000  42 bytes for ./ja.lproj/Localizable.strings
2020-06-27 01:18:00 +0000  copying file ./ja.lproj/InfoPlist.strings ... 
2020-06-27 01:18:00 +0000  42 bytes for ./ja.lproj/InfoPlist.strings
2020-06-27 01:18:00 +0000  copying file ./en.lproj/Localizable.strings ... 
2020-06-27 01:18:00 +0000  27238 bytes for ./en.lproj/Localizable.strings
2020-06-27 01:18:00 +0000  copying file ./en.lproj/InfoPlist.strings ... 
2020-06-27 01:18:00 +0000  1384 bytes for ./en.lproj/InfoPlist.strings
2020-06-27 01:18:00 +0000  copying file ./es-419.lproj/LaunchScreen.strings ... 
2020-06-27 01:18:00 +0000  1 bytes for ./es-419.lproj/LaunchScreen.strings
2020-06-27 01:18:00 +0000  copying file ./es-419.lproj/Main.strings ... 
2020-06-27 01:18:00 +0000  398 bytes for ./es-419.lproj/Main.strings
copying file ./es-419.lproj/Localizable.strings ... 
2020-06-27 01:18:00 +0000  27157 bytes for ./es-419.lproj/Localizable.strings
2020-06-27 01:18:00 +0000  copying file ./es-419.lproj/InfoPlist.strings ... 
2020-06-27 01:18:00 +0000  1384 bytes for ./es-419.lproj/InfoPlist.strings
2020-06-27 01:18:00 +0000  copying file ./AppIcon60x60@2x.png ... 
2020-06-27 01:18:00 +0000  12735 bytes for ./AppIcon60x60@2x.png
2020-06-27 01:18:00 +0000  copying file ./ko.lproj/LaunchScreen.strings ... 
2020-06-27 01:18:00 +0000  1 bytes for ./ko.lproj/LaunchScreen.strings
copying file ./ko.lproj/Main.strings ... 
2020-06-27 01:18:00 +0000  398 bytes for ./ko.lproj/Main.strings
copying file ./ko.lproj/Localizable.strings ... 
2020-06-27 01:18:00 +0000  29813 bytes for ./ko.lproj/Localizable.strings
copying file ./ko.lproj/InfoPlist.strings ... 
2020-06-27 01:18:00 +0000  1405 bytes for ./ko.lproj/InfoPlist.strings
2020-06-27 01:18:00 +0000  copying file ./Base.lproj/Main.storyboardc/ihU-uR-If3-view-icz-dx-eF7.nib ... 
2020-06-27 01:18:00 +0000  6921 bytes for ./Base.lproj/Main.storyboardc/ihU-uR-If3-view-icz-dx-eF7.nib
2020-06-27 01:18:00 +0000  copying file ./Base.lproj/Main.storyboardc/UIViewController-k1i-Nu-oII.nib ... 
2020-06-27 01:18:00 +0000  1319 bytes for ./Base.lproj/Main.storyboardc/UIViewController-k1i-Nu-oII.nib
copying file ./Base.lproj/Main.storyboardc/x4n-7Y-w6Y-view-LHx-Me-hV3.nib ... 
2020-06-27 01:18:00 +0000  5498 bytes for ./Base.lproj/Main.storyboardc/x4n-7Y-w6Y-view-LHx-Me-hV3.nib
copying file ./Base.lproj/Main.storyboardc/UIViewController-ihU-uR-If3.nib ... 
2020-06-27 01:18:00 +0000  1060 bytes for ./Base.lproj/Main.storyboardc/UIViewController-ihU-uR-If3.nib
copying file ./Base.lproj/Main.storyboardc/UINavigationController-EOA-ug-UMh.nib ... 
2020-06-27 01:18:00 +0000  2151 bytes for ./Base.lproj/Main.storyboardc/UINavigationController-EOA-ug-UMh.nib
2020-06-27 01:18:00 +0000  copying file ./Base.lproj/Main.storyboardc/UINavigationController-uwu-TR-ide.nib ... 
2020-06-27 01:18:00 +0000  3469 bytes for ./Base.lproj/Main.storyboardc/UINavigationController-uwu-TR-ide.nib
2020-06-27 01:18:00 +0000  copying file ./Base.lproj/Main.storyboardc/k1i-Nu-oII-view-4ST-EZ-vA6.nib ... 
2020-06-27 01:18:00 +0000  1186 bytes for ./Base.lproj/Main.storyboardc/k1i-Nu-oII-view-4ST-EZ-vA6.nib
2020-06-27 01:18:00 +0000  copying file ./Base.lproj/Main.storyboardc/h9l-TF-YED-view-Azo-wk-EvG.nib ... 
2020-06-27 01:18:00 +0000  2631 bytes for ./Base.lproj/Main.storyboardc/h9l-TF-YED-view-Azo-wk-EvG.nib
copying file ./Base.lproj/Main.storyboardc/Info.plist ... 
2020-06-27 01:18:00 +0000  495 bytes for ./Base.lproj/Main.storyboardc/Info.plist
2020-06-27 01:18:00 +0000  copying file ./Base.lproj/LaunchScreen.storyboardc/01J-lp-oVM-view-Ze5-6b-2t3.nib ... 
2020-06-27 01:18:00 +0000  2275 bytes for ./Base.lproj/LaunchScreen.storyboardc/01J-lp-oVM-view-Ze5-6b-2t3.nib
2020-06-27 01:18:00 +0000  copying file ./Base.lproj/LaunchScreen.storyboardc/UIViewController-01J-lp-oVM.nib ... 
2020-06-27 01:18:00 +0000  896 bytes for ./Base.lproj/LaunchScreen.storyboardc/UIViewController-01J-lp-oVM.nib
2020-06-27 01:18:00 +0000  copying file ./Base.lproj/LaunchScreen.storyboardc/Info.plist ... 
2020-06-27 01:18:00 +0000  258 bytes for ./Base.lproj/LaunchScreen.storyboardc/Info.plist
2020-06-27 01:18:00 +0000  copying file ./Assets.car ... 
2020-06-27 01:18:00 +0000  1980200 bytes for ./Assets.car
copying file ./AppIcon76x76@2x~ipad.png ... 
2020-06-27 01:18:00 +0000  17320 bytes for ./AppIcon76x76@2x~ipad.png
2020-06-27 01:18:00 +0000  copying file ./art.scnassets/reference.scn ... 
2020-06-27 01:18:00 +0000  398187 bytes for ./art.scnassets/reference.scn
2020-06-27 01:18:00 +0000  copying file ./embedded.mobileprovision ... 
2020-06-27 01:18:00 +0000  11640 bytes for ./embedded.mobileprovision
copying file ./Info.plist ... 
2020-06-27 01:18:00 +0000  2731 bytes for ./Info.plist
copying file ./PkgInfo ... 
2020-06-27 01:18:00 +0000  8 bytes for ./PkgInfo
2020-06-27 01:18:00 +0000  copying file ./ARCamera ... 
2020-06-27 01:18:00 +0000  2330048 bytes for ./ARCamera
2020-06-27 01:18:00 +0000  /usr/bin/ditto exited with 0
2020-06-27 01:18:00 +0000  Processing step: IDEDistributionEmbedProfileStep
2020-06-27 01:18:00 +0000  Processing step: IDEDistributionInfoPlistStep
2020-06-27 01:18:00 +0000  Skipping step: IDEDistributionInfoPlistStep because it said so
2020-06-27 01:18:00 +0000  Processing step: IDEDistributionItemRemovalStep
2020-06-27 01:18:00 +0000  Processing step: IDEDistributionAppThinningPlistStep
2020-06-27 01:18:00 +0000  Skipping step: IDEDistributionAppThinningPlistStep because it said so
2020-06-27 01:18:00 +0000  Processing step: IDEDistributionCompileBitcodeStep
2020-06-27 01:18:00 +0000  Skipping step: IDEDistributionCompileBitcodeStep because it said so
2020-06-27 01:18:00 +0000  Processing step: IDEDistributionCodeSlimmingStep
2020-06-27 01:18:00 +0000  Running /Users/majimadaisuke/Downloads/Xcode-beta 3.app/Contents/Developer/Toolchains/XcodeDefault.xctoolchain/usr/bin/bitcode_strip '/var/folders/jc/zvbsdtcx6fs_hnm95d1q9zvh0000gn/T/XcodeDistPipeline.~~~fYLvvd/Root/Payload/ARCamera.app/ARCamera' '-l' '-o' '/var/folders/jc/zvbsdtcx6fs_hnm95d1q9zvh0000gn/T/XcodeDistPipeline.~~~fYLvvd/Root/Payload/ARCamera.app/ARCamera'
2020-06-27 01:18:00 +0000  /Users/majimadaisuke/Downloads/Xcode-beta 3.app/Contents/Developer/Toolchains/XcodeDefault.xctoolchain/usr/bin/bitcode_strip exited with 0
2020-06-27 01:18:00 +0000  Processing step: IDEDistributionCopyBCSymbolMapsStep
2020-06-27 01:18:00 +0000  Running /usr/bin/ditto '-V' '/Users/majimadaisuke/Library/Developer/Xcode/Archives/2020-06-27/ARCamera 2020-06-27 10.17.xcarchive/BCSymbolMaps/7FD5659C-D1D5-3871-9409-DC5D035BF51B.bcsymbolmap' '/var/folders/jc/zvbsdtcx6fs_hnm95d1q9zvh0000gn/T/XcodeDistPipeline.~~~fYLvvd/Root/BCSymbolMaps/7FD5659C-D1D5-3871-9409-DC5D035BF51B.bcsymbolmap'
2020-06-27 01:18:00 +0000  >>> Copying /Users/majimadaisuke/Library/Developer/Xcode/Archives/2020-06-27/ARCamera 2020-06-27 10.17.xcarchive/BCSymbolMaps/7FD5659C-D1D5-3871-9409-DC5D035BF51B.bcsymbolmap 
2020-06-27 01:18:00 +0000  copying file ./7FD5659C-D1D5-3871-9409-DC5D035BF51B.bcsymbolmap ... 
2020-06-27 01:18:00 +0000  232487 bytes for ./7FD5659C-D1D5-3871-9409-DC5D035BF51B.bcsymbolmap
2020-06-27 01:18:00 +0000  /usr/bin/ditto exited with 0
2020-06-27 01:18:00 +0000  Processing step: IDEDistributionSymbolsStep
2020-06-27 01:18:00 +0000  Excluding symbols for ARCamera.app
2020-06-27 01:18:00 +0000  Processing step: IDEDistributionCopyAppleProvidedContentStep
2020-06-27 01:18:00 +0000  Processing step: IDEDistributionAppThinningStep
2020-06-27 01:18:00 +0000  Skipping step: IDEDistributionAppThinningStep because it said so
2020-06-27 01:18:00 +0000  Processing step: IDEDistributionArchThinningStep
2020-06-27 01:18:01 +0000  Running /Users/majimadaisuke/Downloads/Xcode-beta 3.app/Contents/Developer/Toolchains/XcodeDefault.xctoolchain/usr/bin/lipo '/var/folders/jc/zvbsdtcx6fs_hnm95d1q9zvh0000gn/T/XcodeDistPipeline.~~~fYLvvd/Root/Payload/ARCamera.app/ARCamera' '-verify_arch' 'arm64e'
2020-06-27 01:18:01 +0000  /Users/majimadaisuke/Downloads/Xcode-beta 3.app/Contents/Developer/Toolchains/XcodeDefault.xctoolchain/usr/bin/lipo exited with 1
2020-06-27 01:18:01 +0000  Skipping architecture thinning for item "ARCamera" because arch "arm64e" wasn't found
2020-06-27 01:18:01 +0000  Processing step: IDEDistributionODRStep
2020-06-27 01:18:01 +0000  Processing step: IDEDistributionStripXattrsStep
2020-06-27 01:18:01 +0000  Running /usr/bin/xattr '-crs' '/var/folders/jc/zvbsdtcx6fs_hnm95d1q9zvh0000gn/T/XcodeDistPipeline.~~~fYLvvd/Root/Payload/ARCamera.app'
2020-06-27 01:18:02 +0000  /usr/bin/xattr exited with 0
2020-06-27 01:18:02 +0000  Processing step: IDEDistributionCodesignStep
2020-06-27 01:18:02 +0000  Entitlements for <IDEDistributionItem: 0x7ffec510a9a0; bundleID='com.daisuke.arPic', path='<DVTFilePath:0x7ffed95b7b70:'/Users/majimadaisuke/Library/Developer/Xcode/Archives/2020-06-27/ARCamera 2020-06-27 10.17.xcarchive/Products/Applications/ARCamera.app'>', codeSigningInfo='<_DVTCodeSigningInformation_Path: 0x7ffec39a59e0; isSigned='1', isAdHocSigned='0', signingCertificate='<DVTSigningCertificate: 0x7ffec48abec0; name='Apple Development: Daisuke Majima (66XWT643D8)', hash='3141B9324D9CFC970EA6B320990D9BFE5377A0BF', serialNumber='<DVTSigningCertificateSerialNumber: 0x7ffec3edf490>', certificateKinds='(
    "1.2.840.113635.100.6.1.12",
    "1.2.840.113635.100.6.1.2"
), issueDate='2020-06-26 07:34:42 +0000''>', entitlements='{
    "application-identifier" = "MFN25KNUGJ.com.daisuke.arPic";
    "com.apple.developer.team-identifier" = MFN25KNUGJ;
    "get-task-allow" = 1;
}', teamID='MFN25KNUGJ', identifier='com.daisuke.arPic', executablePath='<DVTFilePath:0x7ffec4cf04c0:'/Users/majimadaisuke/Library/Developer/Xcode/Archives/2020-06-27/ARCamera 2020-06-27 10.17.xcarchive/Products/Applications/ARCamera.app/ARCamera'>', hardenedRuntime='0'>'>: {
    "application-identifier" = "MFN25KNUGJ.com.daisuke.arPic";
    "beta-reports-active" = 1;
    "com.apple.developer.team-identifier" = MFN25KNUGJ;
    "get-task-allow" = 0;
}
2020-06-27 01:18:02 +0000  Writing entitlements for <IDEDistributionItem: 0x7ffec510a9a0; bundleID='com.daisuke.arPic', path='<DVTFilePath:0x7ffed95b7b70:'/Users/majimadaisuke/Library/Developer/Xcode/Archives/2020-06-27/ARCamera 2020-06-27 10.17.xcarchive/Products/Applications/ARCamera.app'>', codeSigningInfo='<_DVTCodeSigningInformation_Path: 0x7ffec39a59e0; isSigned='1', isAdHocSigned='0', signingCertificate='<DVTSigningCertificate: 0x7ffec4b93220; name='Apple Development: Daisuke Majima (66XWT643D8)', hash='3141B9324D9CFC970EA6B320990D9BFE5377A0BF', serialNumber='<DVTSigningCertificateSerialNumber: 0x7ffed6e0a2c0>', certificateKinds='(
    "1.2.840.113635.100.6.1.12",
    "1.2.840.113635.100.6.1.2"
), issueDate='2020-06-26 07:34:42 +0000''>', entitlements='{
    "application-identifier" = "MFN25KNUGJ.com.daisuke.arPic";
    "com.apple.developer.team-identifier" = MFN25KNUGJ;
    "get-task-allow" = 1;
}', teamID='MFN25KNUGJ', identifier='com.daisuke.arPic', executablePath='<DVTFilePath:0x7ffec4cf04c0:'/Users/majimadaisuke/Library/Developer/Xcode/Archives/2020-06-27/ARCamera 2020-06-27 10.17.xcarchive/Products/Applications/ARCamera.app/ARCamera'>', hardenedRuntime='0'>'> to: /var/folders/jc/zvbsdtcx6fs_hnm95d1q9zvh0000gn/T/XcodeDistPipeline.~~~fYLvvd/entitlements~~~gq6X1r
2020-06-27 01:18:02 +0000  Running /usr/bin/codesign '-vvv' '--force' '--sign' '8D578BEA22E483E7F3000A2296311383505F863A' '--entitlements' '/var/folders/jc/zvbsdtcx6fs_hnm95d1q9zvh0000gn/T/XcodeDistPipeline.~~~fYLvvd/entitlements~~~gq6X1r' '--preserve-metadata=identifier,flags,runtime' '/var/folders/jc/zvbsdtcx6fs_hnm95d1q9zvh0000gn/T/XcodeDistPipeline.~~~fYLvvd/Root/Payload/ARCamera.app'
2020-06-27 01:18:06 +0000  /var/folders/jc/zvbsdtcx6fs_hnm95d1q9zvh0000gn/T/XcodeDistPipeline.~~~fYLvvd/Root/Payload/ARCamera.app: signed app bundle with Mach-O thin (arm64) [com.daisuke.arPic]
2020-06-27 01:18:06 +0000  /usr/bin/codesign exited with 0
2020-06-27 01:18:06 +0000  Processing step: IDEDistributionZipODRItemStep
2020-06-27 01:18:06 +0000  Skipping step: IDEDistributionZipODRItemStep because it said so
2020-06-27 01:18:06 +0000  Processing step: IDEDistributionCreateIPAStep
2020-06-27 01:18:06 +0000  Running /usr/bin/ditto '-V' '-c' '-k' '--norsrc' '/var/folders/jc/zvbsdtcx6fs_hnm95d1q9zvh0000gn/T/XcodeDistPipeline.~~~fYLvvd/Root' '/var/folders/jc/zvbsdtcx6fs_hnm95d1q9zvh0000gn/T/XcodeDistPipeline.~~~fYLvvd/Packages/ARCamera.ipa'
2020-06-27 01:18:06 +0000  >>> Copying /var/folders/jc/zvbsdtcx6fs_hnm95d1q9zvh0000gn/T/XcodeDistPipeline.~~~fYLvvd/Root 
2020-06-27 01:18:06 +0000  copying file ./BCSymbolMaps/7FD5659C-D1D5-3871-9409-DC5D035BF51B.bcsymbolmap ... 
2020-06-27 01:18:06 +0000  232487 bytes for ./BCSymbolMaps/7FD5659C-D1D5-3871-9409-DC5D035BF51B.bcsymbolmap
2020-06-27 01:18:06 +0000  copying file ./Payload/ARCamera.app/_CodeSignature/CodeResources ... 
2020-06-27 01:18:06 +0000  12963 bytes for ./Payload/ARCamera.app/_CodeSignature/CodeResources
copying file ./Payload/ARCamera.app/zh-Hans.lproj/LaunchScreen.strings ... 
2020-06-27 01:18:06 +0000  1 bytes for ./Payload/ARCamera.app/zh-Hans.lproj/LaunchScreen.strings
copying file ./Payload/ARCamera.app/zh-Hans.lproj/Main.strings ... 
2020-06-27 01:18:06 +0000  398 bytes for ./Payload/ARCamera.app/zh-Hans.lproj/Main.strings
copying file ./Payload/ARCamera.app/zh-Hans.lproj/Localizable.strings ... 
2020-06-27 01:18:06 +0000  23879 bytes for ./Payload/ARCamera.app/zh-Hans.lproj/Localizable.strings
2020-06-27 01:18:06 +0000  copying file ./Payload/ARCamera.app/zh-Hans.lproj/InfoPlist.strings ... 
947 bytes for ./Payload/ARCamera.app/zh-Hans.lproj/InfoPlist.strings
copying file ./Payload/ARCamera.app/ja.lproj/LaunchScreen.strings ... 
1 bytes for ./Payload/ARCamera.app/ja.lproj/LaunchScreen.strings
2020-06-27 01:18:06 +0000  copying file ./Payload/ARCamera.app/ja.lproj/Main.strings ... 
398 bytes for ./Payload/ARCamera.app/ja.lproj/Main.strings
copying file ./Payload/ARCamera.app/ja.lproj/Localizable.strings ... 
2020-06-27 01:18:06 +0000  42 bytes for ./Payload/ARCamera.app/ja.lproj/Localizable.strings
copying file ./Payload/ARCamera.app/ja.lproj/InfoPlist.strings ... 
2020-06-27 01:18:06 +0000  42 bytes for ./Payload/ARCamera.app/ja.lproj/InfoPlist.strings
copying file ./Payload/ARCamera.app/en.lproj/Localizable.strings ... 
2020-06-27 01:18:06 +0000  27238 bytes for ./Payload/ARCamera.app/en.lproj/Localizable.strings
copying file ./Payload/ARCamera.app/en.lproj/InfoPlist.strings ... 
2020-06-27 01:18:06 +0000  1384 bytes for ./Payload/ARCamera.app/en.lproj/InfoPlist.strings
copying file ./Payload/ARCamera.app/es-419.lproj/LaunchScreen.strings ... 
1 bytes for ./Payload/ARCamera.app/es-419.lproj/LaunchScreen.strings
2020-06-27 01:18:06 +0000  copying file ./Payload/ARCamera.app/es-419.lproj/Main.strings ... 
398 bytes for ./Payload/ARCamera.app/es-419.lproj/Main.strings
copying file ./Payload/ARCamera.app/es-419.lproj/Localizable.strings ... 
2020-06-27 01:18:06 +0000  27157 bytes for ./Payload/ARCamera.app/es-419.lproj/Localizable.strings
copying file ./Payload/ARCamera.app/es-419.lproj/InfoPlist.strings ... 
2020-06-27 01:18:06 +0000  1384 bytes for ./Payload/ARCamera.app/es-419.lproj/InfoPlist.strings
copying file ./Payload/ARCamera.app/AppIcon60x60@2x.png ... 
2020-06-27 01:18:06 +0000  12735 bytes for ./Payload/ARCamera.app/AppIcon60x60@2x.png
2020-06-27 01:18:06 +0000  copying file ./Payload/ARCamera.app/ko.lproj/LaunchScreen.strings ... 
1 bytes for ./Payload/ARCamera.app/ko.lproj/LaunchScreen.strings
copying file ./Payload/ARCamera.app/ko.lproj/Main.strings ... 
2020-06-27 01:18:06 +0000  398 bytes for ./Payload/ARCamera.app/ko.lproj/Main.strings
copying file ./Payload/ARCamera.app/ko.lproj/Localizable.strings ... 
2020-06-27 01:18:06 +0000  29813 bytes for ./Payload/ARCamera.app/ko.lproj/Localizable.strings
2020-06-27 01:18:06 +0000  copying file ./Payload/ARCamera.app/ko.lproj/InfoPlist.strings ... 
2020-06-27 01:18:06 +0000  1405 bytes for ./Payload/ARCamera.app/ko.lproj/InfoPlist.strings
2020-06-27 01:18:06 +0000  copying file ./Payload/ARCamera.app/Base.lproj/Main.storyboardc/ihU-uR-If3-view-icz-dx-eF7.nib ... 
2020-06-27 01:18:06 +0000  6921 bytes for ./Payload/ARCamera.app/Base.lproj/Main.storyboardc/ihU-uR-If3-view-icz-dx-eF7.nib
copying file ./Payload/ARCamera.app/Base.lproj/Main.storyboardc/UIViewController-k1i-Nu-oII.nib ... 
2020-06-27 01:18:06 +0000  1319 bytes for ./Payload/ARCamera.app/Base.lproj/Main.storyboardc/UIViewController-k1i-Nu-oII.nib
2020-06-27 01:18:06 +0000  copying file ./Payload/ARCamera.app/Base.lproj/Main.storyboardc/x4n-7Y-w6Y-view-LHx-Me-hV3.nib ... 
2020-06-27 01:18:06 +0000  5498 bytes for ./Payload/ARCamera.app/Base.lproj/Main.storyboardc/x4n-7Y-w6Y-view-LHx-Me-hV3.nib
copying file ./Payload/ARCamera.app/Base.lproj/Main.storyboardc/UIViewController-ihU-uR-If3.nib ... 
2020-06-27 01:18:06 +0000  1060 bytes for ./Payload/ARCamera.app/Base.lproj/Main.storyboardc/UIViewController-ihU-uR-If3.nib
2020-06-27 01:18:06 +0000  copying file ./Payload/ARCamera.app/Base.lproj/Main.storyboardc/UINavigationController-EOA-ug-UMh.nib ... 
2020-06-27 01:18:06 +0000  2151 bytes for ./Payload/ARCamera.app/Base.lproj/Main.storyboardc/UINavigationController-EOA-ug-UMh.nib
copying file ./Payload/ARCamera.app/Base.lproj/Main.storyboardc/UINavigationController-uwu-TR-ide.nib ... 
2020-06-27 01:18:06 +0000  3469 bytes for ./Payload/ARCamera.app/Base.lproj/Main.storyboardc/UINavigationController-uwu-TR-ide.nib
2020-06-27 01:18:06 +0000  copying file ./Payload/ARCamera.app/Base.lproj/Main.storyboardc/k1i-Nu-oII-view-4ST-EZ-vA6.nib ... 
2020-06-27 01:18:06 +0000  1186 bytes for ./Payload/ARCamera.app/Base.lproj/Main.storyboardc/k1i-Nu-oII-view-4ST-EZ-vA6.nib
2020-06-27 01:18:06 +0000  copying file ./Payload/ARCamera.app/Base.lproj/Main.storyboardc/h9l-TF-YED-view-Azo-wk-EvG.nib ... 
2020-06-27 01:18:06 +0000  2631 bytes for ./Payload/ARCamera.app/Base.lproj/Main.storyboardc/h9l-TF-YED-view-Azo-wk-EvG.nib
copying file ./Payload/ARCamera.app/Base.lproj/Main.storyboardc/Info.plist ... 
2020-06-27 01:18:06 +0000  495 bytes for ./Payload/ARCamera.app/Base.lproj/Main.storyboardc/Info.plist
2020-06-27 01:18:06 +0000  copying file ./Payload/ARCamera.app/Base.lproj/LaunchScreen.storyboardc/01J-lp-oVM-view-Ze5-6b-2t3.nib ... 
2020-06-27 01:18:06 +0000  2275 bytes for ./Payload/ARCamera.app/Base.lproj/LaunchScreen.storyboardc/01J-lp-oVM-view-Ze5-6b-2t3.nib
copying file ./Payload/ARCamera.app/Base.lproj/LaunchScreen.storyboardc/UIViewController-01J-lp-oVM.nib ... 
2020-06-27 01:18:06 +0000  896 bytes for ./Payload/ARCamera.app/Base.lproj/LaunchScreen.storyboardc/UIViewController-01J-lp-oVM.nib
2020-06-27 01:18:06 +0000  copying file ./Payload/ARCamera.app/Base.lproj/LaunchScreen.storyboardc/Info.plist ... 
258 bytes for ./Payload/ARCamera.app/Base.lproj/LaunchScreen.storyboardc/Info.plist
2020-06-27 01:18:06 +0000  copying file ./Payload/ARCamera.app/Assets.car ... 
2020-06-27 01:18:06 +0000  1980200 bytes for ./Payload/ARCamera.app/Assets.car
copying file ./Payload/ARCamera.app/AppIcon76x76@2x~ipad.png ... 
2020-06-27 01:18:06 +0000  17320 bytes for ./Payload/ARCamera.app/AppIcon76x76@2x~ipad.png
copying file ./Payload/ARCamera.app/art.scnassets/reference.scn ... 
2020-06-27 01:18:06 +0000  398187 bytes for ./Payload/ARCamera.app/art.scnassets/reference.scn
2020-06-27 01:18:06 +0000  copying file ./Payload/ARCamera.app/embedded.mobileprovision ... 
13298 bytes for ./Payload/ARCamera.app/embedded.mobileprovision
copying file ./Payload/ARCamera.app/Info.plist ... 
2020-06-27 01:18:06 +0000  2731 bytes for ./Payload/ARCamera.app/Info.plist
copying file ./Payload/ARCamera.app/PkgInfo ... 
8 bytes for ./Payload/ARCamera.app/PkgInfo
copying file ./Payload/ARCamera.app/ARCamera ... 
2020-06-27 01:18:06 +0000  1887232 bytes for ./Payload/ARCamera.app/ARCamera
2020-06-27 01:18:06 +0000  /usr/bin/ditto exited with 0
2020-06-27 01:18:06 +0000  Processing step: IDEDistributionAppStoreInformationStep
2020-06-27 01:18:06 +0000  Skipping step: IDEDistributionAppStoreInformationStep because it said so
2020-06-27 01:18:06 +0000  Processing step: IDEDistributionGenerateProcessedDistributionItems
2020-06-27 01:18:06 +0000  IDEDistributionItem init <DVTFilePath:0x7ffec8a4e660:'/var/folders/jc/zvbsdtcx6fs_hnm95d1q9zvh0000gn/T/XcodeDistPipeline.~~~fYLvvd/Root/Payload/ARCamera.app'>
2020-06-27 01:18:06 +0000  Processing step: IDEDistributionCreateManifestStep
2020-06-27 01:18:06 +0000  Skipping step: IDEDistributionCreateManifestStep because it said so
